
1 - 10604
1 - 11400
1 - 11652
1 - 13862
1 - 14635
1 - 14959
1 - 15347
1 - 17760
1 - 17818
1 - 19293
1 - 20173
1 - 25552
1 - 26476
1 - 27943
1 - 28161
1 - 29624
1 - 30086
1 - 31352
1 - 31933
1 - 32009
1 - 32351
1 - 4447
1 - 464
1 - 5154
1 - 6475
1 - 7895
1 - 8181
1 - 8690
1 - 8874
10240 - 1
10240 - 14959
10240 - 15347
10240 - 18747
10240 - 18763
10240 - 19293
10240 - 20173
10240 - 27943
10240 - 28161
10240 - 31933
10240 - 32009
10240 - 32351
10240 - 4447
10240 - 8181
10604 - 14959
10604 - 15347
10604 - 20173
10604 - 27943
10604 - 8181
11400 - 14959
11400 - 15347
11400 - 20173
11400 - 27943
11400 - 31933
11400 - 32009
11400 - 32351
11400 - 4447
11652 - 31933
12865 - 1
12865 - 10604
12865 - 11652
12865 - 13862
12865 - 14959
12865 - 15347
12865 - 17818
12865 - 18747
12865 - 18763
12865 - 19293
12865 - 20173
12865 - 24634
12865 - 25552
12865 - 26476
12865 - 27943
12865 - 28161
12865 - 29624
12865 - 30086
12865 - 31352
12865 - 31933
12865 - 32009
12865 - 32351
12865 - 4447
12865 - 464
12865 - 5154
12865 - 8181
12865 - 8874
13862 - 14959
13862 - 15347
13862 - 20173
13862 - 31933
13862 - 32351
13862 - 8181
14635 - 10604
14635 - 11652
14635 - 13862
14635 - 14959
14635 - 15347
14635 - 17818
14635 - 19293
14635 - 20173
14635 - 25552
14635 - 26476
14635 - 27943
14635 - 28161
14635 - 29624
14635 - 30086
14635 - 31933
14635 - 32009
14635 - 32351
14635 - 4447
14635 - 464
14635 - 5154
14635 - 8181
14635 - 8874
14959 - 11652
14959 - 15347
14959 - 17760
14959 - 20173
14959 - 31933
14959 - 32351
14959 - 464
14959 - 8181
14959 - 8874
15347 - 11652
15347 - 17760
15347 - 29624
15347 - 30086
15347 - 31933
15347 - 32351
15347 - 464
15347 - 8181
15347 - 8874
17088 - 1
17088 - 12865
17088 - 14635
17088 - 14959
17088 - 15347
17088 - 18763
17088 - 20173
17088 - 27943
17088 - 31933
17088 - 32009
17088 - 32351
17088 - 4447
17088 - 6475
17088 - 7895
17760 - 31933
17818 - 14959
17818 - 15347
17818 - 20173
17818 - 31933
17818 - 32351
17818 - 8181
18304 - 1
18304 - 12865
18304 - 14635
18304 - 14959
18304 - 15347
18304 - 18747
18304 - 18763
18304 - 19293
18304 - 20173
18304 - 27943
18304 - 28161
18304 - 32009
18304 - 4447
18304 - 6475
18304 - 7895
18304 - 8181
18747 - 1
18747 - 10604
18747 - 13862
18747 - 14635
18747 - 14959
18747 - 15347
18747 - 17818
18747 - 18763
18747 - 20173
18747 - 24634
18747 - 25552
18747 - 26476
18747 - 27943
18747 - 29624
18747 - 30086
18747 - 31352
18747 - 31933
18747 - 32009
18747 - 32351
18747 - 4447
18747 - 464
18747 - 6475
18747 - 7895
18747 - 8690
18763 - 1
18763 - 10604
18763 - 11400
18763 - 11652
18763 - 14635
18763 - 14959
18763 - 15347
18763 - 17760
18763 - 17818
18763 - 19293
18763 - 20173
18763 - 25552
18763 - 26476
18763 - 27943
18763 - 28161
18763 - 29624
18763 - 30086
18763 - 31352
18763 - 31933
18763 - 32009
18763 - 32351
18763 - 4447
18763 - 5154
18763 - 6475
18763 - 7895
18763 - 8181
18763 - 8690
19293 - 10604
19293 - 13862
19293 - 14959
19293 - 15347
19293 - 20173
19293 - 25552
19293 - 26476
19293 - 27943
19293 - 29624
19293 - 30086
19293 - 31933
19293 - 32351
19293 - 464
19293 - 8690
20173 - 11652
20173 - 15347
20173 - 17760
20173 - 29624
20173 - 30086
20173 - 31933
20173 - 32351
20173 - 464
20173 - 8181
20173 - 8874
24634 - 1
24634 - 14635
24634 - 14959
24634 - 15347
24634 - 18763
24634 - 20173
24634 - 27943
24634 - 28161
24634 - 31933
24634 - 32009
24634 - 32351
24634 - 4447
24634 - 6475
24634 - 7895
24634 - 8181
25552 - 14959
25552 - 15347
25552 - 20173
25552 - 31933
25552 - 32351
25552 - 8181
26476 - 14959
26476 - 15347
26476 - 20173
26476 - 27943
26476 - 31933
26476 - 32351
26476 - 8181
27943 - 11652
27943 - 13862
27943 - 14959
27943 - 15347
27943 - 17760
27943 - 17818
27943 - 20173
27943 - 25552
27943 - 29624
27943 - 30086
27943 - 31933
27943 - 32351
27943 - 464
27943 - 5154
27943 - 8181
27943 - 8874
28161 - 10604
28161 - 13862
28161 - 17818
28161 - 20173
28161 - 25552
28161 - 26476
28161 - 27943
28161 - 31933
28161 - 32351
28161 - 464
28161 - 8690
29624 - 31933
3004 - 1
3004 - 12865
3004 - 14635
3004 - 14959
3004 - 15347
3004 - 18747
3004 - 18763
3004 - 19293
3004 - 20173
3004 - 27943
3004 - 28161
3004 - 31933
3004 - 32009
3004 - 32351
3004 - 4447
3004 - 6475
3004 - 7895
3004 - 8181
31352 - 14635
31352 - 14959
31352 - 15347
31352 - 19293
31352 - 20173
31352 - 27943
31352 - 28161
31352 - 31933
31352 - 32009
31352 - 32351
31352 - 4447
31352 - 6475
31352 - 7895
31352 - 8181
31933 - 30086
31933 - 464
32009 - 10604
32009 - 11652
32009 - 13862
32009 - 14959
32009 - 15347
32009 - 17760
32009 - 17818
32009 - 19293
32009 - 20173
32009 - 25552
32009 - 26476
32009 - 27943
32009 - 28161
32009 - 29624
32009 - 30086
32009 - 31933
32009 - 32351
32009 - 4447
32009 - 464
32009 - 5154
32009 - 8181
32009 - 8690
32009 - 8874
32351 - 11652
32351 - 17760
32351 - 29624
32351 - 30086
32351 - 464
32351 - 8181
4447 - 10604
4447 - 11652
4447 - 13862
4447 - 14959
4447 - 15347
4447 - 17760
4447 - 17818
4447 - 19293
4447 - 20173
4447 - 25552
4447 - 26476
4447 - 27943
4447 - 28161
4447 - 29624
4447 - 30086
4447 - 31933
4447 - 32351
4447 - 464
4447 - 5154
4447 - 8181
4447 - 8690
4447 - 8874
5154 - 14959
5154 - 15347
5154 - 20173
5154 - 31933
5154 - 32351
6475 - 10604
6475 - 11652
6475 - 13862
6475 - 15347
6475 - 17818
6475 - 19293
6475 - 20173
6475 - 25552
6475 - 26476
6475 - 27943
6475 - 31933
6475 - 32009
6475 - 32351
6475 - 4447
6475 - 464
6475 - 5154
6475 - 8181
6475 - 8874
7895 - 10604
7895 - 11652
7895 - 13862
7895 - 14959
7895 - 15347
7895 - 17818
7895 - 19293
7895 - 20173
7895 - 25552
7895 - 26476
7895 - 27943
7895 - 28161
7895 - 29624
7895 - 30086
7895 - 31933
7895 - 32009
7895 - 32351
7895 - 4447
7895 - 464
7895 - 5154
7895 - 8181
7895 - 8874
8181 - 29624
8181 - 30086
8181 - 31933
8181 - 464
8690 - 14959
8690 - 15347
8690 - 20173
8690 - 27943
8690 - 8181
8874 - 31933